{
  "start": "2023-09-25T00:46:51.989Z",
  "end": "2023-09-25T00:47:02.696Z",
  "capabilities": {
    "platform": "LINUX",
    "webStorageEnabled": false,
    "takesScreenshot": true,
    "javascriptEnabled": true,
    "databaseEnabled": false,
    "networkConnectionEnabled": true,
    "locationContextEnabled": false,
    "warnings": {},
    "desired": {
      "platformName": "Android",
      "platformVersion": "13",
      "automationName": "UIAutomator2",
      "appPackage": "com.instagram.android",
      "appActivity": "com.instagram.mainactivity.MainActivity",
      "noReset": true,
      "autoGrantPermissions": true,
      "forceAppLaunch": true
    },
    "platformName": "Android",
    "platformVersion": "13",
    "automationName": "UIAutomator2",
    "appPackage": "com.instagram.android",
    "appActivity": "com.instagram.mainactivity.MainActivity",
    "noReset": true,
    "autoGrantPermissions": true,
    "forceAppLaunch": true,
    "deviceName": "192.168.137.181:5555",
    "deviceUDID": "192.168.137.181:5555",
    "deviceApiLevel": 33,
    "deviceScreenSize": "720x1600",
    "deviceScreenDensity": 300,
    "deviceModel": "SM-M225FV",
    "deviceManufacturer": "samsung",
    "pixelRatio": 1.875,
    "statBarHeight": 53,
    "viewportRect": {
      "left": 0,
      "top": 53,
      "width": 720,
      "height": 1399
    },
    "sessionId": "98b7beb6-6997-4665-b8cf-8f4391756d93"
  },
  "host": "0.0.0.0",
  "port": 4723,
  "baseUrl": "",
  "framework": "mocha",
  "duration": 10707,
  "suites": [
    {
      "title": "Success follow account",
      "duration": 10265,
      "start": "2023-09-25T00:46:52.028Z",
      "end": "2023-09-25T00:47:02.293Z",
      "tests": [
        {
          "title": "Click menu search",
          "start": "2023-09-25T00:46:52.033Z",
          "end": "2023-09-25T00:46:52.970Z",
          "duration": 937,
          "state": "passed",
          "screenshots": []
        },
        {
          "title": "Input account username",
          "start": "2023-09-25T00:46:52.973Z",
          "end": "2023-09-25T00:46:56.843Z",
          "duration": 3870,
          "state": "passed",
          "screenshots": []
        },
        {
          "title": "Click button follow account",
          "start": "2023-09-25T00:46:56.845Z",
          "end": "2023-09-25T00:47:01.418Z",
          "duration": 4573,
          "state": "passed",
          "screenshots": []
        },
        {
          "title": "Verify account and status follow",
          "start": "2023-09-25T00:47:01.419Z",
          "end": "2023-09-25T00:47:02.291Z",
          "duration": 872,
          "state": "passed",
          "screenshots": []
        }
      ],
      "hooks": []
    }
  ],
  "specs": [
    "file:///H:/QA%20Intermediate/AutomationTestInstagram/test/specs/SuccessFollowAccount.spec.js"
  ],
  "state": {
    "passed": 4,
    "failed": 0,
    "skipped": 0
  }
}